


ARM Macro Assembler    Page 1 


    1 00000000         ;/******************************************************
                       ********************//**
    2 00000000         ; * @file     startup_ARMCM4.s
    3 00000000         ; * @brief    CMSIS Core Device Startup File for
    4 00000000         ; *           ARMCM4 Device Series
    5 00000000         ; * @version  V5.00
    6 00000000         ; * @date     02. March 2016
    7 00000000         ; ******************************************************
                       ************************/
    8 00000000         ;/*
    9 00000000         ; * Copyright (c) 2009-2016 ARM Limited. All rights rese
                       rved.
   10 00000000         ; *
   11 00000000         ; * SPDX-License-Identifier: Apache-2.0
   12 00000000         ; *
   13 00000000         ; * Licensed under the Apache License, Version 2.0 (the 
                       License); you may
   14 00000000         ; * not use this file except in compliance with the Lice
                       nse.
   15 00000000         ; * You may obtain a copy of the License at
   16 00000000         ; *
   17 00000000         ; * http://www.apache.org/licenses/LICENSE-2.0
   18 00000000         ; *
   19 00000000         ; * Unless required by applicable law or agreed to in wr
                       iting, software
   20 00000000         ; * distributed under the License is distributed on an A
                       S IS BASIS, WITHOUT
   21 00000000         ; * WARRANTIES OR CONDITIONS OF ANY KIND, either express
                        or implied.
   22 00000000         ; * See the License for the specific language governing 
                       permissions and
   23 00000000         ; * limitations under the License.
   24 00000000         ; */
   25 00000000         
   26 00000000         ;/*
   27 00000000         ;//-------- <<< Use Configuration Wizard in Context Menu
                        >>> ------------------
   28 00000000         ;*/
   29 00000000         
   30 00000000         
   31 00000000         ; <h> Stack Configuration
   32 00000000         ;   <o> Stack Size (in Bytes) <0x0-0xFFFFFFFF:8>
   33 00000000         ; </h>
   34 00000000         
   35 00000000 00000800 
                       Stack_Size
                               EQU              0x00000800
   36 00000000         
   37 00000000                 AREA             STACK, NOINIT, READWRITE, ALIGN
=3
   38 00000000         Stack_Mem
                               SPACE            Stack_Size
   39 00000800         __initial_sp
   40 00000800         
   41 00000800         
   42 00000800         ; <h> Heap Configuration
   43 00000800         ;   <o>  Heap Size (in Bytes) <0x0-0xFFFFFFFF:8>
   44 00000800         ; </h>
   45 00000800         



ARM Macro Assembler    Page 2 


   46 00000800 00000100 
                       Heap_Size
                               EQU              0x00000100
   47 00000800         
   48 00000800                 AREA             HEAP, NOINIT, READWRITE, ALIGN=
3
   49 00000000         __heap_base
   50 00000000         Heap_Mem
                               SPACE            Heap_Size
   51 00000100         __heap_limit
   52 00000100         
   53 00000100         
   54 00000100                 PRESERVE8
   55 00000100                 THUMB
   56 00000100         
   57 00000100         
   58 00000100         ; Vector Table Mapped to Address 0 at Reset
   59 00000100         
   60 00000100                 AREA             RESET, DATA, READONLY
   61 00000000                 EXPORT           __Vectors
   62 00000000                 EXPORT           __Vectors_End
   63 00000000                 EXPORT           __Vectors_Size
   64 00000000         ;IMPORT TIM0_IRQHandler
   65 00000000         
   66 00000000 00000000 
                       __Vectors
                               DCD              __initial_sp ; Top of Stack
   67 00000004 00000000        DCD              Reset_Handler ; Reset Handler
   68 00000008 00000000        DCD              NMI_Handler ; NMI Handler
   69 0000000C 00000000        DCD              HardFault_Handler ; Hard Fault 
                                                            Handler
   70 00000010 00000000        DCD              MemManage_Handler 
                                                            ; MPU Fault Handler
                                                            
   71 00000014 00000000        DCD              BusFault_Handler 
                                                            ; Bus Fault Handler
                                                            
   72 00000018 00000000        DCD              UsageFault_Handler ; Usage Faul
                                                            t Handler
   73 0000001C 00000000        DCD              0           ; Reserved
   74 00000020 00000000        DCD              0           ; Reserved
   75 00000024 00000000        DCD              0           ; Reserved
   76 00000028 00000000        DCD              0           ; Reserved
   77 0000002C 00000000        DCD              SVC_Handler ; SVCall Handler
   78 00000030 00000000        DCD              DebugMon_Handler ; Debug Monito
                                                            r Handler
   79 00000034 00000000        DCD              0           ; Reserved
   80 00000038 00000000        DCD              PendSV_Handler ; PendSV Handler
                                                            
   81 0000003C 00000000        DCD              SysTick_Handler 
                                                            ; SysTick Handler
   82 00000040         
   83 00000040         ; External Interrupts
   84 00000040 00000000        DCD              CPAPIPC_IRQHandler ; 0:cpcom_ap
                                                            _ipc_irq
   85 00000044 00000000        DCD              APAPIPC_IRQHandler ; 1:apcom_ap
                                                            _ipc_irq
   86 00000048 00000000        DCD              AP_TIM0_IRQHandler 
                                                            ; 2:timer_irq



ARM Macro Assembler    Page 3 


   87 0000004C 00000000        DCD              WDC_IRQHandler ; 3:wdt_irq
   88 00000050 00000000        DCD              UART0_IRQHandler ; 4:uart_irq
   89 00000054 00000000        DCD              I2C0_IRQHandler ; 5:i2c0_irq
   90 00000058 00000000        DCD              I2C1_IRQHandler ; 6:i2c1_irq
   91 0000005C 00000000        DCD              SPI0_IRQHandler ; 7:spi0_irq
   92 00000060 00000000        DCD              SPI1_IRQHandler ; 8:spi1_irq
   93 00000064 00000000        DCD              GPIO_IRQHandler ; 9:gpio_irq
   94 00000068 00000000        DCD              I2S_IRQHandler ; 10:i2s_irq
   95 0000006C 00000000        DCD              SPIF_IRQHandler ; 11:spif_irq
   96 00000070 00000000        DCD              DMACINTR_IRQHandler 
                                                            ; 12:dmac_intr
   97 00000074 00000000        DCD              DMACINTTC_IRQHandler 
                                                            ; 13:dmac_inttc
   98 00000078 00000000        DCD              DMACINTERR_IRQHandler 
                                                            ; 14:dmac_interr
   99 0000007C 00000000        DCD              FPIDC_IRQHandler ; 15:fpidc
  100 00000080 00000000        DCD              FPDZC_IRQHandler ; 16:fpdzc
  101 00000084 00000000        DCD              FPIOC_IRQHandler ; 17:fpioc
  102 00000088 00000000        DCD              FPUFC_IRQHandler ; 18:fpufc
  103 0000008C 00000000        DCD              FPOFC_IRQHandler ; 19:fpofc
  104 00000090 00000000        DCD              FPIXC_IRQHandler ; 20:fpixc
  105 00000094 00000000        DCD              AES_IRQHandler ; 21:aes_irq
  106 00000098 00000000        DCD              ADCC_IRQHandler ; 22:adcc_irq
  107 0000009C 00000000        DCD              QDEC_IRQHandler ; 23:qdec_irq
  108 000000A0 00000000        DCD              RNG_IRQHandler ; 24:rng_irq
  109 000000A4 00000000        DCD              APCPIPC_IRQHandler ; 25:apcom_c
                                                            p_ipc_irq
  110 000000A8 00000000        DCD              CPCPIPC_IRQHandler ; 26:cpcom_c
                                                            p_ipc_irq
  111 000000AC         ;DCD     TIM0_IRQHandler           ; 27:cp_timer_irq
  112 000000AC 00000000        DCD              CPWDT_IRQHandler 
                                                            ; 28:cp_wdt_irq
  113 000000B0 00000000        DCD              LL_IRQHandler ; 29:bb_irq
  114 000000B4 00000000        DCD              KSCAN_IRQHandler ; 30:kscan_irq
                                                            
  115 000000B8 00000000        DCD              RTC_IRQHandler ; 31:rtc_irq
  116 000000BC         __Vectors_End
  117 000000BC         
  118 000000BC 000000BC 
                       __Vectors_Size
                               EQU              __Vectors_End - __Vectors
  119 000000BC         
  120 000000BC                 AREA             |.text|, CODE, READONLY
  121 00000000         
  122 00000000         
  123 00000000         ; Reset Handler
  124 00000000         
  125 00000000         Reset_Handler
                               PROC
  126 00000000                 EXPORT           Reset_Handler             [WEAK
]
  127 00000000                 IMPORT           SystemInit
  128 00000000                 IMPORT           __main
  129 00000000 4806            LDR              R0, =SystemInit
  130 00000002 4780            BLX              R0
  131 00000004 4806            LDR              R0, =__main
  132 00000006 4700            BX               R0
  133 00000008                 ENDP
  134 00000008         



ARM Macro Assembler    Page 4 


  135 00000008         
  136 00000008         ; Dummy Exception Handlers (infinite loops which can be 
                       modified)
  137 00000008         
  138 00000008         NMI_Handler
                               PROC
  139 00000008                 EXPORT           NMI_Handler               [WEAK
]
  140 00000008 E7FE            B                .
  141 0000000A                 ENDP
  143 0000000A         HardFault_Handler
                               PROC
  144 0000000A                 EXPORT           HardFault_Handler         [WEAK
]
  145 0000000A E7FE            B                .
  146 0000000C                 ENDP
  148 0000000C         MemManage_Handler
                               PROC
  149 0000000C                 EXPORT           MemManage_Handler         [WEAK
]
  150 0000000C E7FE            B                .
  151 0000000E                 ENDP
  153 0000000E         BusFault_Handler
                               PROC
  154 0000000E                 EXPORT           BusFault_Handler          [WEAK
]
  155 0000000E E7FE            B                .
  156 00000010                 ENDP
  158 00000010         UsageFault_Handler
                               PROC
  159 00000010                 EXPORT           UsageFault_Handler        [WEAK
]
  160 00000010 E7FE            B                .
  161 00000012                 ENDP
  162 00000012         SVC_Handler
                               PROC
  163 00000012                 EXPORT           SVC_Handler               [WEAK
]
  164 00000012 E7FE            B                .
  165 00000014                 ENDP
  167 00000014         DebugMon_Handler
                               PROC
  168 00000014                 EXPORT           DebugMon_Handler          [WEAK
]
  169 00000014 E7FE            B                .
  170 00000016                 ENDP
  171 00000016         PendSV_Handler
                               PROC
  172 00000016                 EXPORT           PendSV_Handler            [WEAK
]
  173 00000016 E7FE            B                .
  174 00000018                 ENDP
  175 00000018         SysTick_Handler
                               PROC
  176 00000018                 EXPORT           SysTick_Handler           [WEAK
]
  177 00000018 E7FE            B                .
  178 0000001A                 ENDP
  179 0000001A         



ARM Macro Assembler    Page 5 


  180 0000001A         Default_Handler
                               PROC
  181 0000001A                 EXPORT           CPAPIPC_IRQHandler        [WEAK
] 
                                                            ; 0:cpcom_ap_ipc_ir
                                                            q
  182 0000001A                 EXPORT           APAPIPC_IRQHandler        [WEAK
] 
                                                            ; 1:apcom_ap_ipc_ir
                                                            q
  183 0000001A                 EXPORT           AP_TIM0_IRQHandler        [WEAK
] 
                                                            ; 2:timer_irq
  184 0000001A                 EXPORT           WDC_IRQHandler            [WEAK
] 
                                                            ; 3:wdt_irq
  185 0000001A                 EXPORT           UART0_IRQHandler          [WEAK
] 
                                                            ; 4:uart_irq
  186 0000001A                 EXPORT           I2C0_IRQHandler           [WEAK
] 
                                                            ; 5:i2c0_irq
  187 0000001A                 EXPORT           I2C1_IRQHandler           [WEAK
] 
                                                            ; 6:i2c1_irq
  188 0000001A                 EXPORT           SPI0_IRQHandler           [WEAK
] 
                                                            ; 7:spi0_irq
  189 0000001A                 EXPORT           SPI1_IRQHandler           [WEAK
] 
                                                            ; 8:spi1_irq
  190 0000001A                 EXPORT           GPIO_IRQHandler           [WEAK
] 
                                                            ; 9:gpio_irq
  191 0000001A                 EXPORT           I2S_IRQHandler            [WEAK
] 
                                                            ; 10:i2s_irq
  192 0000001A                 EXPORT           SPIF_IRQHandler           [WEAK
] 
                                                            ; 11:spif_irq
  193 0000001A                 EXPORT           DMACINTR_IRQHandler       [WEAK
] 
                                                            ; 12:dmac_intr
  194 0000001A                 EXPORT           DMACINTTC_IRQHandler      [WEAK
] 
                                                            ; 13:dmac_inttc
  195 0000001A                 EXPORT           DMACINTERR_IRQHandler     [WEAK
] 
                                                            ; 14:dmac_interr
  196 0000001A                 EXPORT           FPIDC_IRQHandler          [WEAK
] 
                                                            ; 15:fpidc
  197 0000001A                 EXPORT           FPDZC_IRQHandler          [WEAK
] 
                                                            ; 16:fpdzc
  198 0000001A                 EXPORT           FPIOC_IRQHandler          [WEAK
] 
                                                            ; 17:fpioc
  199 0000001A                 EXPORT           FPUFC_IRQHandler          [WEAK



ARM Macro Assembler    Page 6 


] 
                                                            ; 18:fpufc
  200 0000001A                 EXPORT           FPOFC_IRQHandler          [WEAK
] 
                                                            ; 19:fpofc
  201 0000001A                 EXPORT           FPIXC_IRQHandler          [WEAK
] 
                                                            ; 20:fpixc
  202 0000001A                 EXPORT           AES_IRQHandler            [WEAK
] 
                                                            ; 21:aes_irq
  203 0000001A                 EXPORT           ADCC_IRQHandler           [WEAK
] 
                                                            ; 22:adcc_irq
  204 0000001A                 EXPORT           QDEC_IRQHandler           [WEAK
] 
                                                            ; 23:qdec_irq
  205 0000001A                 EXPORT           RNG_IRQHandler            [WEAK
] 
                                                            ; 24:rng_irq
  206 0000001A                 EXPORT           APCPIPC_IRQHandler        [WEAK
] 
                                                            ; 25:apcom_cp_ipc_i
                                                            rq
  207 0000001A                 EXPORT           CPCPIPC_IRQHandler        [WEAK
] 
                                                            ; 26:cpcom_cp_ipc_i
                                                            rq
  208 0000001A         ;EXPORT CPTIM_IRQHandler          [WEAK]; 27:cp_timer_ir
                       q
  209 0000001A                 EXPORT           CPWDT_IRQHandler          [WEAK
] 
                                                            ; 28:cp_wdt_irq
  210 0000001A                 EXPORT           LL_IRQHandler             [WEAK
] 
                                                            ; 29:bb_irq
  211 0000001A                 EXPORT           KSCAN_IRQHandler          [WEAK
] 
                                                            ; 30:kscan_irq
  212 0000001A                 EXPORT           RTC_IRQHandler            [WEAK
] 
                                                            ; 31:rtc_irq
  213 0000001A         
  214 0000001A         
  215 0000001A         CPAPIPC_IRQHandler
  216 0000001A         APAPIPC_IRQHandler
  217 0000001A         AP_TIM0_IRQHandler
  218 0000001A         WDC_IRQHandler
  219 0000001A         UART0_IRQHandler
  220 0000001A         I2C0_IRQHandler
  221 0000001A         I2C1_IRQHandler
  222 0000001A         SPI0_IRQHandler
  223 0000001A         SPI1_IRQHandler
  224 0000001A         GPIO_IRQHandler
  225 0000001A         I2S_IRQHandler
  226 0000001A         SPIF_IRQHandler
  227 0000001A         DMACINTR_IRQHandler
  228 0000001A         DMACINTTC_IRQHandler
  229 0000001A         DMACINTERR_IRQHandler



ARM Macro Assembler    Page 7 


  230 0000001A         FPIDC_IRQHandler
  231 0000001A         FPDZC_IRQHandler
  232 0000001A         FPIOC_IRQHandler
  233 0000001A         FPUFC_IRQHandler
  234 0000001A         FPOFC_IRQHandler
  235 0000001A         FPIXC_IRQHandler
  236 0000001A         AES_IRQHandler
  237 0000001A         ADCC_IRQHandler
  238 0000001A         QDEC_IRQHandler
  239 0000001A         RNG_IRQHandler
  240 0000001A         APCPIPC_IRQHandler
  241 0000001A         CPCPIPC_IRQHandler
  242 0000001A         ;CPTIM_IRQHandler      
  243 0000001A         CPWDT_IRQHandler
  244 0000001A         LL_IRQHandler
  245 0000001A         KSCAN_IRQHandler
  246 0000001A         RTC_IRQHandler
  247 0000001A         
  248 0000001A E7FE            B                .
  249 0000001C         
  250 0000001C                 ENDP
  251 0000001C         
  252 0000001C         
  253 0000001C                 ALIGN
  254 0000001C         
  255 0000001C         
  256 0000001C         ; User Initial Stack & Heap
  257 0000001C         
  258 0000001C                 IF               :DEF:__MICROLIB
  259 0000001C         
  260 0000001C                 EXPORT           __initial_sp
  261 0000001C                 EXPORT           __heap_base
  262 0000001C                 EXPORT           __heap_limit
  263 0000001C         
  264 0000001C                 ELSE
  279                          ENDIF
  280 0000001C         
  281 0000001C         
  282 0000001C                 END
              00000000 
              00000000 
Command Line: --debug --xref --diag_suppress=9931 --cpu=Cortex-M0 --apcs=interw
ork --depend=.\objects\startup_phy62xx.d -o.\objects\startup_phy62xx.o -I.\RTE\
_watchdog -IC:\Users\bingshuai.duanmu\AppData\Local\Arm\Packs\ARM\CMSIS\5.7.0\C
MSIS\Core\Include -IC:\Users\bingshuai.duanmu\AppData\Local\Arm\Packs\Keil\PHY6
2xx\0.0.1\Device\PHYPLUSINC\PHY62xx\Include -IC:\Device\PHYPLUSINC\PHY62xx\Incl
ude --predefine="__MICROLIB SETA 1" --predefine="__UVISION_VERSION SETA 530" --
predefine="_RTE_ SETA 1" --predefine="PHY6222 SETA 1" --predefine="_RTE_ SETA 1
" --list=.\listings\startup_phy62xx.lst RTE\Device\PHY6222\startup_PHY62xx.s



ARM Macro Assembler    Page 1 Alphabetic symbol ordering
Relocatable symbols

STACK 00000000

Symbol: STACK
   Definitions
      At line 37 in file RTE\Device\PHY6222\startup_PHY62xx.s
   Uses
      None
Comment: STACK unused
Stack_Mem 00000000

Symbol: Stack_Mem
   Definitions
      At line 38 in file RTE\Device\PHY6222\startup_PHY62xx.s
   Uses
      None
Comment: Stack_Mem unused
__initial_sp 00000800

Symbol: __initial_sp
   Definitions
      At line 39 in file RTE\Device\PHY6222\startup_PHY62xx.s
   Uses
      At line 66 in file RTE\Device\PHY6222\startup_PHY62xx.s
      At line 260 in file RTE\Device\PHY6222\startup_PHY62xx.s

3 symbols



ARM Macro Assembler    Page 1 Alphabetic symbol ordering
Relocatable symbols

HEAP 00000000

Symbol: HEAP
   Definitions
      At line 48 in file RTE\Device\PHY6222\startup_PHY62xx.s
   Uses
      None
Comment: HEAP unused
Heap_Mem 00000000

Symbol: Heap_Mem
   Definitions
      At line 50 in file RTE\Device\PHY6222\startup_PHY62xx.s
   Uses
      None
Comment: Heap_Mem unused
__heap_base 00000000

Symbol: __heap_base
   Definitions
      At line 49 in file RTE\Device\PHY6222\startup_PHY62xx.s
   Uses
      At line 261 in file RTE\Device\PHY6222\startup_PHY62xx.s
Comment: __heap_base used once
__heap_limit 00000100

Symbol: __heap_limit
   Definitions
      At line 51 in file RTE\Device\PHY6222\startup_PHY62xx.s
   Uses
      At line 262 in file RTE\Device\PHY6222\startup_PHY62xx.s
Comment: __heap_limit used once
4 symbols



ARM Macro Assembler    Page 1 Alphabetic symbol ordering
Relocatable symbols

RESET 00000000

Symbol: RESET
   Definitions
      At line 60 in file RTE\Device\PHY6222\startup_PHY62xx.s
   Uses
      None
Comment: RESET unused
__Vectors 00000000

Symbol: __Vectors
   Definitions
      At line 66 in file RTE\Device\PHY6222\startup_PHY62xx.s
   Uses
      At line 61 in file RTE\Device\PHY6222\startup_PHY62xx.s
      At line 118 in file RTE\Device\PHY6222\startup_PHY62xx.s

__Vectors_End 000000BC

Symbol: __Vectors_End
   Definitions
      At line 116 in file RTE\Device\PHY6222\startup_PHY62xx.s
   Uses
      At line 62 in file RTE\Device\PHY6222\startup_PHY62xx.s
      At line 118 in file RTE\Device\PHY6222\startup_PHY62xx.s

3 symbols



ARM Macro Assembler    Page 1 Alphabetic symbol ordering
Relocatable symbols

.text 00000000

Symbol: .text
   Definitions
      At line 120 in file RTE\Device\PHY6222\startup_PHY62xx.s
   Uses
      None
Comment: .text unused
ADCC_IRQHandler 0000001A

Symbol: ADCC_IRQHandler
   Definitions
      At line 237 in file RTE\Device\PHY6222\startup_PHY62xx.s
   Uses
      At line 106 in file RTE\Device\PHY6222\startup_PHY62xx.s
      At line 203 in file RTE\Device\PHY6222\startup_PHY62xx.s

AES_IRQHandler 0000001A

Symbol: AES_IRQHandler
   Definitions
      At line 236 in file RTE\Device\PHY6222\startup_PHY62xx.s
   Uses
      At line 105 in file RTE\Device\PHY6222\startup_PHY62xx.s
      At line 202 in file RTE\Device\PHY6222\startup_PHY62xx.s

APAPIPC_IRQHandler 0000001A

Symbol: APAPIPC_IRQHandler
   Definitions
      At line 216 in file RTE\Device\PHY6222\startup_PHY62xx.s
   Uses
      At line 85 in file RTE\Device\PHY6222\startup_PHY62xx.s
      At line 182 in file RTE\Device\PHY6222\startup_PHY62xx.s

APCPIPC_IRQHandler 0000001A

Symbol: APCPIPC_IRQHandler
   Definitions
      At line 240 in file RTE\Device\PHY6222\startup_PHY62xx.s
   Uses
      At line 109 in file RTE\Device\PHY6222\startup_PHY62xx.s
      At line 206 in file RTE\Device\PHY6222\startup_PHY62xx.s

AP_TIM0_IRQHandler 0000001A

Symbol: AP_TIM0_IRQHandler
   Definitions
      At line 217 in file RTE\Device\PHY6222\startup_PHY62xx.s
   Uses
      At line 86 in file RTE\Device\PHY6222\startup_PHY62xx.s
      At line 183 in file RTE\Device\PHY6222\startup_PHY62xx.s

BusFault_Handler 0000000E

Symbol: BusFault_Handler
   Definitions
      At line 153 in file RTE\Device\PHY6222\startup_PHY62xx.s
   Uses



ARM Macro Assembler    Page 2 Alphabetic symbol ordering
Relocatable symbols

      At line 71 in file RTE\Device\PHY6222\startup_PHY62xx.s
      At line 154 in file RTE\Device\PHY6222\startup_PHY62xx.s

CPAPIPC_IRQHandler 0000001A

Symbol: CPAPIPC_IRQHandler
   Definitions
      At line 215 in file RTE\Device\PHY6222\startup_PHY62xx.s
   Uses
      At line 84 in file RTE\Device\PHY6222\startup_PHY62xx.s
      At line 181 in file RTE\Device\PHY6222\startup_PHY62xx.s

CPCPIPC_IRQHandler 0000001A

Symbol: CPCPIPC_IRQHandler
   Definitions
      At line 241 in file RTE\Device\PHY6222\startup_PHY62xx.s
   Uses
      At line 110 in file RTE\Device\PHY6222\startup_PHY62xx.s
      At line 207 in file RTE\Device\PHY6222\startup_PHY62xx.s

CPWDT_IRQHandler 0000001A

Symbol: CPWDT_IRQHandler
   Definitions
      At line 243 in file RTE\Device\PHY6222\startup_PHY62xx.s
   Uses
      At line 112 in file RTE\Device\PHY6222\startup_PHY62xx.s
      At line 209 in file RTE\Device\PHY6222\startup_PHY62xx.s

DMACINTERR_IRQHandler 0000001A

Symbol: DMACINTERR_IRQHandler
   Definitions
      At line 229 in file RTE\Device\PHY6222\startup_PHY62xx.s
   Uses
      At line 98 in file RTE\Device\PHY6222\startup_PHY62xx.s
      At line 195 in file RTE\Device\PHY6222\startup_PHY62xx.s

DMACINTR_IRQHandler 0000001A

Symbol: DMACINTR_IRQHandler
   Definitions
      At line 227 in file RTE\Device\PHY6222\startup_PHY62xx.s
   Uses
      At line 96 in file RTE\Device\PHY6222\startup_PHY62xx.s
      At line 193 in file RTE\Device\PHY6222\startup_PHY62xx.s

DMACINTTC_IRQHandler 0000001A

Symbol: DMACINTTC_IRQHandler
   Definitions
      At line 228 in file RTE\Device\PHY6222\startup_PHY62xx.s
   Uses
      At line 97 in file RTE\Device\PHY6222\startup_PHY62xx.s
      At line 194 in file RTE\Device\PHY6222\startup_PHY62xx.s

DebugMon_Handler 00000014




ARM Macro Assembler    Page 3 Alphabetic symbol ordering
Relocatable symbols

Symbol: DebugMon_Handler
   Definitions
      At line 167 in file RTE\Device\PHY6222\startup_PHY62xx.s
   Uses
      At line 78 in file RTE\Device\PHY6222\startup_PHY62xx.s
      At line 168 in file RTE\Device\PHY6222\startup_PHY62xx.s

Default_Handler 0000001A

Symbol: Default_Handler
   Definitions
      At line 180 in file RTE\Device\PHY6222\startup_PHY62xx.s
   Uses
      None
Comment: Default_Handler unused
FPDZC_IRQHandler 0000001A

Symbol: FPDZC_IRQHandler
   Definitions
      At line 231 in file RTE\Device\PHY6222\startup_PHY62xx.s
   Uses
      At line 100 in file RTE\Device\PHY6222\startup_PHY62xx.s
      At line 197 in file RTE\Device\PHY6222\startup_PHY62xx.s

FPIDC_IRQHandler 0000001A

Symbol: FPIDC_IRQHandler
   Definitions
      At line 230 in file RTE\Device\PHY6222\startup_PHY62xx.s
   Uses
      At line 99 in file RTE\Device\PHY6222\startup_PHY62xx.s
      At line 196 in file RTE\Device\PHY6222\startup_PHY62xx.s

FPIOC_IRQHandler 0000001A

Symbol: FPIOC_IRQHandler
   Definitions
      At line 232 in file RTE\Device\PHY6222\startup_PHY62xx.s
   Uses
      At line 101 in file RTE\Device\PHY6222\startup_PHY62xx.s
      At line 198 in file RTE\Device\PHY6222\startup_PHY62xx.s

FPIXC_IRQHandler 0000001A

Symbol: FPIXC_IRQHandler
   Definitions
      At line 235 in file RTE\Device\PHY6222\startup_PHY62xx.s
   Uses
      At line 104 in file RTE\Device\PHY6222\startup_PHY62xx.s
      At line 201 in file RTE\Device\PHY6222\startup_PHY62xx.s

FPOFC_IRQHandler 0000001A

Symbol: FPOFC_IRQHandler
   Definitions
      At line 234 in file RTE\Device\PHY6222\startup_PHY62xx.s
   Uses
      At line 103 in file RTE\Device\PHY6222\startup_PHY62xx.s
      At line 200 in file RTE\Device\PHY6222\startup_PHY62xx.s



ARM Macro Assembler    Page 4 Alphabetic symbol ordering
Relocatable symbols


FPUFC_IRQHandler 0000001A

Symbol: FPUFC_IRQHandler
   Definitions
      At line 233 in file RTE\Device\PHY6222\startup_PHY62xx.s
   Uses
      At line 102 in file RTE\Device\PHY6222\startup_PHY62xx.s
      At line 199 in file RTE\Device\PHY6222\startup_PHY62xx.s

GPIO_IRQHandler 0000001A

Symbol: GPIO_IRQHandler
   Definitions
      At line 224 in file RTE\Device\PHY6222\startup_PHY62xx.s
   Uses
      At line 93 in file RTE\Device\PHY6222\startup_PHY62xx.s
      At line 190 in file RTE\Device\PHY6222\startup_PHY62xx.s

HardFault_Handler 0000000A

Symbol: HardFault_Handler
   Definitions
      At line 143 in file RTE\Device\PHY6222\startup_PHY62xx.s
   Uses
      At line 69 in file RTE\Device\PHY6222\startup_PHY62xx.s
      At line 144 in file RTE\Device\PHY6222\startup_PHY62xx.s

I2C0_IRQHandler 0000001A

Symbol: I2C0_IRQHandler
   Definitions
      At line 220 in file RTE\Device\PHY6222\startup_PHY62xx.s
   Uses
      At line 89 in file RTE\Device\PHY6222\startup_PHY62xx.s
      At line 186 in file RTE\Device\PHY6222\startup_PHY62xx.s

I2C1_IRQHandler 0000001A

Symbol: I2C1_IRQHandler
   Definitions
      At line 221 in file RTE\Device\PHY6222\startup_PHY62xx.s
   Uses
      At line 90 in file RTE\Device\PHY6222\startup_PHY62xx.s
      At line 187 in file RTE\Device\PHY6222\startup_PHY62xx.s

I2S_IRQHandler 0000001A

Symbol: I2S_IRQHandler
   Definitions
      At line 225 in file RTE\Device\PHY6222\startup_PHY62xx.s
   Uses
      At line 94 in file RTE\Device\PHY6222\startup_PHY62xx.s
      At line 191 in file RTE\Device\PHY6222\startup_PHY62xx.s

KSCAN_IRQHandler 0000001A

Symbol: KSCAN_IRQHandler
   Definitions



ARM Macro Assembler    Page 5 Alphabetic symbol ordering
Relocatable symbols

      At line 245 in file RTE\Device\PHY6222\startup_PHY62xx.s
   Uses
      At line 114 in file RTE\Device\PHY6222\startup_PHY62xx.s
      At line 211 in file RTE\Device\PHY6222\startup_PHY62xx.s

LL_IRQHandler 0000001A

Symbol: LL_IRQHandler
   Definitions
      At line 244 in file RTE\Device\PHY6222\startup_PHY62xx.s
   Uses
      At line 113 in file RTE\Device\PHY6222\startup_PHY62xx.s
      At line 210 in file RTE\Device\PHY6222\startup_PHY62xx.s

MemManage_Handler 0000000C

Symbol: MemManage_Handler
   Definitions
      At line 148 in file RTE\Device\PHY6222\startup_PHY62xx.s
   Uses
      At line 70 in file RTE\Device\PHY6222\startup_PHY62xx.s
      At line 149 in file RTE\Device\PHY6222\startup_PHY62xx.s

NMI_Handler 00000008

Symbol: NMI_Handler
   Definitions
      At line 138 in file RTE\Device\PHY6222\startup_PHY62xx.s
   Uses
      At line 68 in file RTE\Device\PHY6222\startup_PHY62xx.s
      At line 139 in file RTE\Device\PHY6222\startup_PHY62xx.s

PendSV_Handler 00000016

Symbol: PendSV_Handler
   Definitions
      At line 171 in file RTE\Device\PHY6222\startup_PHY62xx.s
   Uses
      At line 80 in file RTE\Device\PHY6222\startup_PHY62xx.s
      At line 172 in file RTE\Device\PHY6222\startup_PHY62xx.s

QDEC_IRQHandler 0000001A

Symbol: QDEC_IRQHandler
   Definitions
      At line 238 in file RTE\Device\PHY6222\startup_PHY62xx.s
   Uses
      At line 107 in file RTE\Device\PHY6222\startup_PHY62xx.s
      At line 204 in file RTE\Device\PHY6222\startup_PHY62xx.s

RNG_IRQHandler 0000001A

Symbol: RNG_IRQHandler
   Definitions
      At line 239 in file RTE\Device\PHY6222\startup_PHY62xx.s
   Uses
      At line 108 in file RTE\Device\PHY6222\startup_PHY62xx.s
      At line 205 in file RTE\Device\PHY6222\startup_PHY62xx.s




ARM Macro Assembler    Page 6 Alphabetic symbol ordering
Relocatable symbols

RTC_IRQHandler 0000001A

Symbol: RTC_IRQHandler
   Definitions
      At line 246 in file RTE\Device\PHY6222\startup_PHY62xx.s
   Uses
      At line 115 in file RTE\Device\PHY6222\startup_PHY62xx.s
      At line 212 in file RTE\Device\PHY6222\startup_PHY62xx.s

Reset_Handler 00000000

Symbol: Reset_Handler
   Definitions
      At line 125 in file RTE\Device\PHY6222\startup_PHY62xx.s
   Uses
      At line 67 in file RTE\Device\PHY6222\startup_PHY62xx.s
      At line 126 in file RTE\Device\PHY6222\startup_PHY62xx.s

SPI0_IRQHandler 0000001A

Symbol: SPI0_IRQHandler
   Definitions
      At line 222 in file RTE\Device\PHY6222\startup_PHY62xx.s
   Uses
      At line 91 in file RTE\Device\PHY6222\startup_PHY62xx.s
      At line 188 in file RTE\Device\PHY6222\startup_PHY62xx.s

SPI1_IRQHandler 0000001A

Symbol: SPI1_IRQHandler
   Definitions
      At line 223 in file RTE\Device\PHY6222\startup_PHY62xx.s
   Uses
      At line 92 in file RTE\Device\PHY6222\startup_PHY62xx.s
      At line 189 in file RTE\Device\PHY6222\startup_PHY62xx.s

SPIF_IRQHandler 0000001A

Symbol: SPIF_IRQHandler
   Definitions
      At line 226 in file RTE\Device\PHY6222\startup_PHY62xx.s
   Uses
      At line 95 in file RTE\Device\PHY6222\startup_PHY62xx.s
      At line 192 in file RTE\Device\PHY6222\startup_PHY62xx.s

SVC_Handler 00000012

Symbol: SVC_Handler
   Definitions
      At line 162 in file RTE\Device\PHY6222\startup_PHY62xx.s
   Uses
      At line 77 in file RTE\Device\PHY6222\startup_PHY62xx.s
      At line 163 in file RTE\Device\PHY6222\startup_PHY62xx.s

SysTick_Handler 00000018

Symbol: SysTick_Handler
   Definitions
      At line 175 in file RTE\Device\PHY6222\startup_PHY62xx.s



ARM Macro Assembler    Page 7 Alphabetic symbol ordering
Relocatable symbols

   Uses
      At line 81 in file RTE\Device\PHY6222\startup_PHY62xx.s
      At line 176 in file RTE\Device\PHY6222\startup_PHY62xx.s

UART0_IRQHandler 0000001A

Symbol: UART0_IRQHandler
   Definitions
      At line 219 in file RTE\Device\PHY6222\startup_PHY62xx.s
   Uses
      At line 88 in file RTE\Device\PHY6222\startup_PHY62xx.s
      At line 185 in file RTE\Device\PHY6222\startup_PHY62xx.s

UsageFault_Handler 00000010

Symbol: UsageFault_Handler
   Definitions
      At line 158 in file RTE\Device\PHY6222\startup_PHY62xx.s
   Uses
      At line 72 in file RTE\Device\PHY6222\startup_PHY62xx.s
      At line 159 in file RTE\Device\PHY6222\startup_PHY62xx.s

WDC_IRQHandler 0000001A

Symbol: WDC_IRQHandler
   Definitions
      At line 218 in file RTE\Device\PHY6222\startup_PHY62xx.s
   Uses
      At line 87 in file RTE\Device\PHY6222\startup_PHY62xx.s
      At line 184 in file RTE\Device\PHY6222\startup_PHY62xx.s

43 symbols



ARM Macro Assembler    Page 1 Alphabetic symbol ordering
Absolute symbols

Heap_Size 00000100

Symbol: Heap_Size
   Definitions
      At line 46 in file RTE\Device\PHY6222\startup_PHY62xx.s
   Uses
      At line 50 in file RTE\Device\PHY6222\startup_PHY62xx.s
Comment: Heap_Size used once
Stack_Size 00000800

Symbol: Stack_Size
   Definitions
      At line 35 in file RTE\Device\PHY6222\startup_PHY62xx.s
   Uses
      At line 38 in file RTE\Device\PHY6222\startup_PHY62xx.s
Comment: Stack_Size used once
__Vectors_Size 000000BC

Symbol: __Vectors_Size
   Definitions
      At line 118 in file RTE\Device\PHY6222\startup_PHY62xx.s
   Uses
      At line 63 in file RTE\Device\PHY6222\startup_PHY62xx.s
Comment: __Vectors_Size used once
3 symbols



ARM Macro Assembler    Page 1 Alphabetic symbol ordering
External symbols

SystemInit 00000000

Symbol: SystemInit
   Definitions
      At line 127 in file RTE\Device\PHY6222\startup_PHY62xx.s
   Uses
      At line 129 in file RTE\Device\PHY6222\startup_PHY62xx.s
Comment: SystemInit used once
__main 00000000

Symbol: __main
   Definitions
      At line 128 in file RTE\Device\PHY6222\startup_PHY62xx.s
   Uses
      At line 131 in file RTE\Device\PHY6222\startup_PHY62xx.s
Comment: __main used once
2 symbols
394 symbols in table
