


ARM Macro Assembler    Page 1 


    1 00000000         ;/******************************************************
                       ********************//**
    2 00000000         ; * @file     startup_PHY62xx.s
    3 00000000         ; * @brief    CMSIS Core Device Startup File for
    4 00000000         ; *           phy_bumbee_m0 Device Series
    5 00000000         ; * @version  V1.08
    6 00000000         ; * @date     23. November 2012
    7 00000000         ; *
    8 00000000         ; * @note
    9 00000000         ; *
   10 00000000         ; ******************************************************
                       ************************/
   11 00000000         ;/* Copyright (c) 2011 - 2012 ARM LIMITED
   12 00000000         ;
   13 00000000         ;   All rights reserved.
   14 00000000         ;   Redistribution and use in source and binary forms, w
                       ith or without
   15 00000000         ;   modification, are permitted provided that the follow
                       ing conditions are met:
   16 00000000         ;   - Redistributions of source code must retain the abo
                       ve copyright
   17 00000000         ;     notice, this list of conditions and the following 
                       disclaimer.
   18 00000000         ;   - Redistributions in binary form must reproduce the 
                       above copyright
   19 00000000         ;     notice, this list of conditions and the following 
                       disclaimer in the
   20 00000000         ;     documentation and/or other materials provided with
                        the distribution.
   21 00000000         ;   - Neither the name of ARM nor the names of its contr
                       ibutors may be used
   22 00000000         ;     to endorse or promote products derived from this s
                       oftware without
   23 00000000         ;     specific prior written permission.
   24 00000000         ;   *
   25 00000000         ;   THIS SOFTWARE IS PROVIDED BY THE COPYRIGHT HOLDERS A
                       ND CONTRIBUTORS "AS IS"
   26 00000000         ;   AND ANY EXPRESS OR IMPLIED WARRANTIES, INCLUDING, BU
                       T NOT LIMITED TO, THE
   27 00000000         ;   IMPLIED WARRANTIES OF MERCHANTABILITY AND FITNESS FO
                       R A PARTICULAR PURPOSE
   28 00000000         ;   ARE DISCLAIMED. IN NO EVENT SHALL COPYRIGHT HOLDERS 
                       AND CONTRIBUTORS BE
   29 00000000         ;   LIABLE FOR ANY DIRECT, INDIRECT, INCIDENTAL, SPECIAL
                       , EXEMPLARY, OR
   30 00000000         ;   CONSEQUENTIAL DAMAGES (INCLUDING, BUT NOT LIMITED TO
                       , PROCUREMENT OF
   31 00000000         ;   SUBSTITUTE GOODS OR SERVICES; LOSS OF USE, DATA, OR 
                       PROFITS; OR BUSINESS
   32 00000000         ;   INTERRUPTION) HOWEVER CAUSED AND ON ANY THEORY OF LI
                       ABILITY, WHETHER IN
   33 00000000         ;   CONTRACT, STRICT LIABILITY, OR TORT (INCLUDING NEGLI
                       GENCE OR OTHERWISE)
   34 00000000         ;   ARISING IN ANY WAY OUT OF THE USE OF THIS SOFTWARE, 
                       EVEN IF ADVISED OF THE
   35 00000000         ;   POSSIBILITY OF SUCH DAMAGE.
   36 00000000         ;   ----------------------------------------------------
                       -----------------------*/
   37 00000000         ;/*



ARM Macro Assembler    Page 2 


   38 00000000         ;//-------- <<< Use Configuration Wizard in Context Menu
                        >>> ------------------
   39 00000000         ;*/
   40 00000000         
   41 00000000         
   42 00000000         ; <h> Stack Configuration
   43 00000000         ; <o> Stack Size (in Bytes) <0x0-0xFFFFFFFF:8>
   44 00000000         ; </h>
   45 00000000         
   46 00000000         ;Stack_Size      EQU     0x00000280
   47 00000000 00000400 
                       Stack_Size
                               EQU              0x00000400
   48 00000000                 AREA             STACK, NOINIT, READWRITE, ALIGN
=3
   49 00000000         Stack_Mem
                               SPACE            Stack_Size
   50 00000400         __initial_sp
   51 00000400         
   52 00000400         
   53 00000400         ; <h> Heap Configuration
   54 00000400         ; <o>  Heap Size (in Bytes) <0x0-0xFFFFFFFF:8>
   55 00000400         ; </h>
   56 00000400         
   57 00000400 00000010 
                       Heap_Size
                               EQU              0x00000010
   58 00000400         
   59 00000400                 AREA             HEAP, NOINIT, READWRITE, ALIGN=
3
   60 00000000         __heap_base
   61 00000000         Heap_Mem
                               SPACE            Heap_Size
   62 00000010         __heap_limit
   63 00000010         
   64 00000010         
   65 00000010                 PRESERVE8
   66 00000010                 THUMB
   67 00000010         
   68 00000010         
   69 00000010         ; Vector Table Mapped to Address 0 at Reset
   70 00000010         
   71 00000010                 AREA             RESET, DATA, READONLY
   72 00000000                 EXPORT           __Vectors
   73 00000000                 EXPORT           __Vectors_End
   74 00000000                 EXPORT           __Vectors_Size
   75 00000000         
   76 00000000 00000000 
                       __Vectors
                               DCD              __initial_sp ; Top of Stack
   77 00000004 00000000        DCD              Reset_Handler ; Reset Handler
   78 00000008 00000000        DCD              NMI_Handler ; NMI Handler
   79 0000000C 00000000        DCD              HardFault_Handler ; Hard Fault 
                                                            Handler
   80 00000010 00000000        DCD              0           ; Reserved
   81 00000014 00000000        DCD              0           ; Reserved
   82 00000018 00000000        DCD              0           ; Reserved
   83 0000001C 00000000        DCD              0           ; Reserved
   84 00000020 00000000        DCD              0           ; Reserved



ARM Macro Assembler    Page 3 


   85 00000024 00000000        DCD              0           ; Reserved
   86 00000028 00000000        DCD              0           ; Reserved
   87 0000002C 00000000        DCD              SVC_Handler ; SVCall Handler
   88 00000030 00000000        DCD              0           ; Reserved
   89 00000034 00000000        DCD              0           ; Reserved
   90 00000038 00000000        DCD              PendSV_Handler ; PendSV Handler
                                                            
   91 0000003C 00000000        DCD              SysTick_Handler 
                                                            ; SysTick Handler
   92 00000040         
   93 00000040         ; External Interrupts
   94 00000040 00000000        DCD              V0_IRQHandler ;  0: Watchdog Ti
                                                            mer
   95 00000044 00000000        DCD              V1_IRQHandler ;  1: Real Time C
                                                            lock
   96 00000048 00000000        DCD              V2_IRQHandler ;  2: Timer0 / Ti
                                                            mer1
   97 0000004C 00000000        DCD              V3_IRQHandler ;  3: Timer2 / Ti
                                                            mer3
   98 00000050 00000000        DCD              V4_IRQHandler ;  4: LL
   99 00000054 00000000        DCD              V5_IRQHandler ;  5: MCIb
  100 00000058 00000000        DCD              V6_IRQHandler ;  6: UART0 - DUT
                                                             FPGA
  101 0000005C 00000000        DCD              V7_IRQHandler ;  7: UART1 - DUT
                                                             FPGA
  102 00000060 00000000        DCD              V8_IRQHandler ;  8: UART2 - DUT
                                                             FPGA
  103 00000064 00000000        DCD              V9_IRQHandler ;  9: UART4 - not
                                                             connected
  104 00000068 00000000        DCD              V10_IRQHandler 
                                                            ; 10: AACI / AC97
  105 0000006C 00000000        DCD              V11_IRQHandler ; 11: CLCD Combi
                                                            ned Interrupt
  106 00000070 00000000        DCD              V12_IRQHandler ; 12: Ethernet
  107 00000074 00000000        DCD              V13_IRQHandler ; 13: USB Device
                                                            
  108 00000078 00000000        DCD              V14_IRQHandler ; 14: USB Host C
                                                            ontroller
  109 0000007C 00000000        DCD              V15_IRQHandler 
                                                            ; 15: Character LCD
                                                            
  110 00000080 00000000        DCD              V16_IRQHandler ; 16: Flexray
  111 00000084 00000000        DCD              V17_IRQHandler ; 17: CAN
  112 00000088 00000000        DCD              V18_IRQHandler ; 18: LIN
  113 0000008C 00000000        DCD              V19_IRQHandler 
                                                            ; 19: I2C ADC/DAC
  114 00000090 00000000        DCD              V20_IRQHandler ; 20: Reserved
  115 00000094 00000000        DCD              V21_IRQHandler ; 21: Reserved
  116 00000098 00000000        DCD              V22_IRQHandler ; 22: Reserved
  117 0000009C 00000000        DCD              V23_IRQHandler ; 23: Reserved
  118 000000A0 00000000        DCD              V24_IRQHandler ; 24: Reserved
  119 000000A4 00000000        DCD              V25_IRQHandler ; 25: Reserved
  120 000000A8 00000000        DCD              V26_IRQHandler ; 26: Reserved
  121 000000AC 00000000        DCD              V27_IRQHandler ; 27: Reserved
  122 000000B0 00000000        DCD              V28_IRQHandler ; 28: Reserved -
                                                             CPU FPGA CLCD
  123 000000B4 00000000        DCD              V29_IRQHandler ; 29: Reserved -
                                                             CPU FPGA
  124 000000B8 00000000        DCD              V30_IRQHandler ; 30: UART3    -



ARM Macro Assembler    Page 4 


                                                             CPU FPGA
  125 000000BC 00000000        DCD              V31_IRQHandler ; 31: SPI Touchs
                                                            creen - CPU FPGA
  126 000000C0         __Vectors_End
  127 000000C0         
  128 000000C0 000000C0 
                       __Vectors_Size
                               EQU              __Vectors_End - __Vectors
  129 000000C0         
  130 000000C0                 AREA             |.text|, CODE, READONLY
  131 00000000         
  132 00000000         
  133 00000000         ; Reset Handler
  134 00000000         
  135 00000000         Reset_Handler
                               PROC
  136 00000000                 EXPORT           Reset_Handler             [WEAK
]
  137 00000000                 IMPORT           SystemInit
  138 00000000                 IMPORT           SystemResetCause
  139 00000000                 IMPORT           wakeupProcess
  140 00000000                 IMPORT           __main
  141 00000000         
  142 00000000 4818            LDR              R0, =SystemInit
  143 00000002 4780            BLX              R0
  144 00000004         
  145 00000004         ;LDR     R0, =__main
  146 00000004         ;BX      R0
  147 00000004         ;ENDP
  148 00000004         
  149 00000004 4818            LDR              R0, =0x4000f0a8
  150 00000006 6802            LDR              R2, [R0]
  151 00000008 4B18            LDR              R3, =0x1
  152 0000000A 421A            TST              R2, R3
  153 0000000C D101            BNE              wakeup
  154 0000000E         normal
  155 0000000E 4818            LDR              R0, =__main
  156 00000010         
  157 00000010 4700            BX               R0
  158 00000012         wakeup
  159 00000012 4818            LDR              R0, =wakeupProcess
  160 00000014 4700            BX               R0
  161 00000016                 ENDP
  162 00000016         
  163 00000016         ; Dummy Exception Handlers (infinite loops which can be 
                       modified)
  164 00000016         
  165 00000016         NMI_Handler
                               PROC
  166 00000016                 EXPORT           NMI_Handler               [WEAK
]
  167 00000016 E7FE            B                .
  168 00000018                 ENDP
  169 00000018         HardFault_Handler
                               PROC
  170 00000018                 EXPORT           HardFault_Handler         [WEAK
]
  171 00000018 E7FE            B                .
  172 0000001A                 ENDP



ARM Macro Assembler    Page 5 


  173 0000001A         SVC_Handler
                               PROC
  174 0000001A                 EXPORT           SVC_Handler               [WEAK
]
  175 0000001A E7FE            B                .
  176 0000001C                 ENDP
  177 0000001C         PendSV_Handler
                               PROC
  178 0000001C                 EXPORT           PendSV_Handler            [WEAK
]
  179 0000001C E7FE            B                .
  180 0000001E                 ENDP
  181 0000001E         SysTick_Handler
                               PROC
  182 0000001E                 EXPORT           SysTick_Handler           [WEAK
]
  183 0000001E E7FE            B                .
  184 00000020                 ENDP
  185 00000020         
  186 00000020         V0_IRQHandler
                               PROC
  187 00000020                 EXPORT           V0_IRQHandler             [WEAK
]
  188 00000020 E7FE            B                .
  189 00000022                 ENDP
  190 00000022         
  191 00000022         V1_IRQHandler
                               PROC
  192 00000022                 EXPORT           V1_IRQHandler            [WEAK]
  193 00000022 E7FE            B                .
  194 00000024                 ENDP
  195 00000024         
  196 00000024         V2_IRQHandler
                               PROC
  197 00000024                 EXPORT           V2_IRQHandler             [WEAK
]
  198 00000024 E7FE            B                .
  199 00000026                 ENDP
  200 00000026         V3_IRQHandler
                               PROC
  201 00000026                 EXPORT           V3_IRQHandler             [WEAK
]
  202 00000026 E7FE            B                .
  203 00000028                 ENDP
  204 00000028         
  205 00000028         V4_IRQHandler
                               PROC
  206 00000028                 EXPORT           V4_IRQHandler             [WEAK
]
  207 00000028 E7FE            B                .
  208 0000002A                 ENDP
  209 0000002A         
  210 0000002A         V5_IRQHandler
                               PROC
  211 0000002A                 EXPORT           V5_IRQHandler           [WEAK]
  212 0000002A E7FE            B                .
  213 0000002C                 ENDP
  214 0000002C         
  215 0000002C         V6_IRQHandler



ARM Macro Assembler    Page 6 


                               PROC
  216 0000002C                 EXPORT           V6_IRQHandler             [WEAK
]
  217 0000002C E7FE            B                .
  218 0000002E                 ENDP
  219 0000002E         
  220 0000002E         V7_IRQHandler
                               PROC
  221 0000002E                 EXPORT           V7_IRQHandler             [WEAK
]
  222 0000002E E7FE            B                .
  223 00000030                 ENDP
  224 00000030         
  225 00000030         V8_IRQHandler
                               PROC
  226 00000030                 EXPORT           V8_IRQHandler             [WEAK
]
  227 00000030 E7FE            B                .
  228 00000032                 ENDP
  229 00000032         
  230 00000032         V9_IRQHandler
                               PROC
  231 00000032                 EXPORT           V9_IRQHandler             [WEAK
]
  232 00000032 E7FE            B                .
  233 00000034                 ENDP
  234 00000034         
  235 00000034         V10_IRQHandler
                               PROC
  236 00000034                 EXPORT           V10_IRQHandler            [WEAK
]
  237 00000034 E7FE            B                .
  238 00000036                 ENDP
  239 00000036         
  240 00000036         V11_IRQHandler
                               PROC
  241 00000036                 EXPORT           V11_IRQHandler            [WEAK
]
  242 00000036 E7FE            B                .
  243 00000038                 ENDP
  244 00000038         
  245 00000038         V12_IRQHandler
                               PROC
  246 00000038                 EXPORT           V12_IRQHandler            [WEAK
]
  247 00000038 E7FE            B                .
  248 0000003A                 ENDP
  249 0000003A         
  250 0000003A         V13_IRQHandler
                               PROC
  251 0000003A                 EXPORT           V13_IRQHandler            [WEAK
]
  252 0000003A E7FE            B                .
  253 0000003C                 ENDP
  254 0000003C         V14_IRQHandler
                               PROC
  255 0000003C                 EXPORT           V14_IRQHandler            [WEAK
]
  256 0000003C E7FE            B                .



ARM Macro Assembler    Page 7 


  257 0000003E                 ENDP
  258 0000003E         
  259 0000003E         V15_IRQHandler
                               PROC
  260 0000003E                 EXPORT           V15_IRQHandler            [WEAK
]
  261 0000003E E7FE            B                .
  262 00000040                 ENDP
  263 00000040         
  264 00000040         V16_IRQHandler
                               PROC
  265 00000040                 EXPORT           V16_IRQHandler            [WEAK
]
  266 00000040 E7FE            B                .
  267 00000042                 ENDP
  268 00000042         
  269 00000042         V17_IRQHandler
                               PROC
  270 00000042                 EXPORT           V17_IRQHandler            [WEAK
]
  271 00000042 E7FE            B                .
  272 00000044                 ENDP
  273 00000044         
  274 00000044         V18_IRQHandler
                               PROC
  275 00000044                 EXPORT           V18_IRQHandler            [WEAK
]
  276 00000044 E7FE            B                .
  277 00000046                 ENDP
  278 00000046         V19_IRQHandler
                               PROC
  279 00000046                 EXPORT           V19_IRQHandler            [WEAK
]
  280 00000046 E7FE            B                .
  281 00000048                 ENDP
  282 00000048         
  283 00000048         V20_IRQHandler
                               PROC
  284 00000048                 EXPORT           V20_IRQHandler           [WEAK]
  285 00000048 E7FE            B                .
  286 0000004A                 ENDP
  287 0000004A         
  288 0000004A         V21_IRQHandler
                               PROC
  289 0000004A                 EXPORT           V21_IRQHandler           [WEAK]
  290 0000004A E7FE            B                .
  291 0000004C                 ENDP
  292 0000004C         V22_IRQHandler
                               PROC
  293 0000004C                 EXPORT           V22_IRQHandler           [WEAK]
  294 0000004C E7FE            B                .
  295 0000004E                 ENDP
  296 0000004E         
  297 0000004E         V23_IRQHandler
                               PROC
  298 0000004E                 EXPORT           V23_IRQHandler           [WEAK]
  299 0000004E E7FE            B                .
  300 00000050                 ENDP
  301 00000050         



ARM Macro Assembler    Page 8 


  302 00000050         V24_IRQHandler
                               PROC
  303 00000050                 EXPORT           V24_IRQHandler           [WEAK]
  304 00000050 E7FE            B                .
  305 00000052                 ENDP
  306 00000052         
  307 00000052         V25_IRQHandler
                               PROC
  308 00000052                 EXPORT           V25_IRQHandler           [WEAK]
  309 00000052 E7FE            B                .
  310 00000054                 ENDP
  311 00000054         
  312 00000054         V26_IRQHandler
                               PROC
  313 00000054                 EXPORT           V26_IRQHandler           [WEAK]
  314 00000054 E7FE            B                .
  315 00000056                 ENDP
  316 00000056         
  317 00000056         V27_IRQHandler
                               PROC
  318 00000056                 EXPORT           V27_IRQHandler           [WEAK]
  319 00000056 E7FE            B                .
  320 00000058                 ENDP
  321 00000058         
  322 00000058         V28_IRQHandler
                               PROC
  323 00000058                 EXPORT           V28_IRQHandler           [WEAK]
  324 00000058 E7FE            B                .
  325 0000005A                 ENDP
  326 0000005A         
  327 0000005A         V29_IRQHandler
                               PROC
  328 0000005A                 EXPORT           V29_IRQHandler           [WEAK]
  329 0000005A E7FE            B                .
  330 0000005C                 ENDP
  331 0000005C         
  332 0000005C         V30_IRQHandler
                               PROC
  333 0000005C                 EXPORT           V30_IRQHandler           [WEAK]
  334 0000005C E7FE            B                .
  335 0000005E                 ENDP
  336 0000005E         
  337 0000005E         V31_IRQHandler
                               PROC
  338 0000005E                 EXPORT           V31_IRQHandler           [WEAK]
  339 0000005E E7FE            B                .
  340 00000060                 ENDP
  341 00000060         
  342 00000060         Default_Handler
                               PROC
  343 00000060 E7FE            B                .
  344 00000062                 ENDP
  345 00000062         
  346 00000062 00 00           ALIGN
  347 00000064         
  348 00000064         
  349 00000064         ; User Initial Stack & Heap
  350 00000064         
  351 00000064                 IF               :DEF:__MICROLIB



ARM Macro Assembler    Page 9 


  352 00000064         
  353 00000064                 EXPORT           __initial_sp
  354 00000064                 EXPORT           __heap_base
  355 00000064                 EXPORT           __heap_limit
  356 00000064         
  357 00000064                 ELSE
  372                          ENDIF
  373 00000064         
  374 00000064         
  375 00000064                 END
              00000000 
              4000F0A8 
              00000001 
              00000000 
              00000000 
Command Line: --debug --xref --diag_suppress=9931 --cpu=Cortex-M0 --apcs=interw
ork --depend=.\objects\startup_phy62xx.d -o.\objects\startup_phy62xx.o -I.\RTE\
_adc -IC:\Users\bingshuai.duanmu\AppData\Local\Arm\Packs\ARM\CMSIS\5.7.0\CMSIS\
Core\Include -IC:\Users\bingshuai.duanmu\AppData\Local\Arm\Packs\Keil\PHY62xx\0
.0.1\Device\PHYPLUSINC\PHY62xx\Include -IC:\Users\bingshuai.duanmu\AppData\Loca
l\Arm\Packs\Keil\PHY62xx\0.0.1\Drivers\CMSIS\Device\PHYPLUSINC\PHY62xx\Include 
--predefine="__MICROLIB SETA 1" --predefine="__UVISION_VERSION SETA 530" --pred
efine="_RTE_ SETA 1" --predefine="PHY6222 SETA 1" --predefine="_RTE_ SETA 1" --
list=.\listings\startup_phy62xx.lst RTE\Device\PHY6222\startup_PHY62xx.s



ARM Macro Assembler    Page 1 Alphabetic symbol ordering
Relocatable symbols

STACK 00000000

Symbol: STACK
   Definitions
      At line 48 in file RTE\Device\PHY6222\startup_PHY62xx.s
   Uses
      None
Comment: STACK unused
Stack_Mem 00000000

Symbol: Stack_Mem
   Definitions
      At line 49 in file RTE\Device\PHY6222\startup_PHY62xx.s
   Uses
      None
Comment: Stack_Mem unused
__initial_sp 00000400

Symbol: __initial_sp
   Definitions
      At line 50 in file RTE\Device\PHY6222\startup_PHY62xx.s
   Uses
      At line 76 in file RTE\Device\PHY6222\startup_PHY62xx.s
      At line 353 in file RTE\Device\PHY6222\startup_PHY62xx.s

3 symbols



ARM Macro Assembler    Page 1 Alphabetic symbol ordering
Relocatable symbols

HEAP 00000000

Symbol: HEAP
   Definitions
      At line 59 in file RTE\Device\PHY6222\startup_PHY62xx.s
   Uses
      None
Comment: HEAP unused
Heap_Mem 00000000

Symbol: Heap_Mem
   Definitions
      At line 61 in file RTE\Device\PHY6222\startup_PHY62xx.s
   Uses
      None
Comment: Heap_Mem unused
__heap_base 00000000

Symbol: __heap_base
   Definitions
      At line 60 in file RTE\Device\PHY6222\startup_PHY62xx.s
   Uses
      At line 354 in file RTE\Device\PHY6222\startup_PHY62xx.s
Comment: __heap_base used once
__heap_limit 00000010

Symbol: __heap_limit
   Definitions
      At line 62 in file RTE\Device\PHY6222\startup_PHY62xx.s
   Uses
      At line 355 in file RTE\Device\PHY6222\startup_PHY62xx.s
Comment: __heap_limit used once
4 symbols



ARM Macro Assembler    Page 1 Alphabetic symbol ordering
Relocatable symbols

RESET 00000000

Symbol: RESET
   Definitions
      At line 71 in file RTE\Device\PHY6222\startup_PHY62xx.s
   Uses
      None
Comment: RESET unused
__Vectors 00000000

Symbol: __Vectors
   Definitions
      At line 76 in file RTE\Device\PHY6222\startup_PHY62xx.s
   Uses
      At line 72 in file RTE\Device\PHY6222\startup_PHY62xx.s
      At line 128 in file RTE\Device\PHY6222\startup_PHY62xx.s

__Vectors_End 000000C0

Symbol: __Vectors_End
   Definitions
      At line 126 in file RTE\Device\PHY6222\startup_PHY62xx.s
   Uses
      At line 73 in file RTE\Device\PHY6222\startup_PHY62xx.s
      At line 128 in file RTE\Device\PHY6222\startup_PHY62xx.s

3 symbols



ARM Macro Assembler    Page 1 Alphabetic symbol ordering
Relocatable symbols

.text 00000000

Symbol: .text
   Definitions
      At line 130 in file RTE\Device\PHY6222\startup_PHY62xx.s
   Uses
      None
Comment: .text unused
Default_Handler 00000060

Symbol: Default_Handler
   Definitions
      At line 342 in file RTE\Device\PHY6222\startup_PHY62xx.s
   Uses
      None
Comment: Default_Handler unused
HardFault_Handler 00000018

Symbol: HardFault_Handler
   Definitions
      At line 169 in file RTE\Device\PHY6222\startup_PHY62xx.s
   Uses
      At line 79 in file RTE\Device\PHY6222\startup_PHY62xx.s
      At line 170 in file RTE\Device\PHY6222\startup_PHY62xx.s

NMI_Handler 00000016

Symbol: NMI_Handler
   Definitions
      At line 165 in file RTE\Device\PHY6222\startup_PHY62xx.s
   Uses
      At line 78 in file RTE\Device\PHY6222\startup_PHY62xx.s
      At line 166 in file RTE\Device\PHY6222\startup_PHY62xx.s

PendSV_Handler 0000001C

Symbol: PendSV_Handler
   Definitions
      At line 177 in file RTE\Device\PHY6222\startup_PHY62xx.s
   Uses
      At line 90 in file RTE\Device\PHY6222\startup_PHY62xx.s
      At line 178 in file RTE\Device\PHY6222\startup_PHY62xx.s

Reset_Handler 00000000

Symbol: Reset_Handler
   Definitions
      At line 135 in file RTE\Device\PHY6222\startup_PHY62xx.s
   Uses
      At line 77 in file RTE\Device\PHY6222\startup_PHY62xx.s
      At line 136 in file RTE\Device\PHY6222\startup_PHY62xx.s

SVC_Handler 0000001A

Symbol: SVC_Handler
   Definitions
      At line 173 in file RTE\Device\PHY6222\startup_PHY62xx.s
   Uses
      At line 87 in file RTE\Device\PHY6222\startup_PHY62xx.s



ARM Macro Assembler    Page 2 Alphabetic symbol ordering
Relocatable symbols

      At line 174 in file RTE\Device\PHY6222\startup_PHY62xx.s

SysTick_Handler 0000001E

Symbol: SysTick_Handler
   Definitions
      At line 181 in file RTE\Device\PHY6222\startup_PHY62xx.s
   Uses
      At line 91 in file RTE\Device\PHY6222\startup_PHY62xx.s
      At line 182 in file RTE\Device\PHY6222\startup_PHY62xx.s

V0_IRQHandler 00000020

Symbol: V0_IRQHandler
   Definitions
      At line 186 in file RTE\Device\PHY6222\startup_PHY62xx.s
   Uses
      At line 94 in file RTE\Device\PHY6222\startup_PHY62xx.s
      At line 187 in file RTE\Device\PHY6222\startup_PHY62xx.s

V10_IRQHandler 00000034

Symbol: V10_IRQHandler
   Definitions
      At line 235 in file RTE\Device\PHY6222\startup_PHY62xx.s
   Uses
      At line 104 in file RTE\Device\PHY6222\startup_PHY62xx.s
      At line 236 in file RTE\Device\PHY6222\startup_PHY62xx.s

V11_IRQHandler 00000036

Symbol: V11_IRQHandler
   Definitions
      At line 240 in file RTE\Device\PHY6222\startup_PHY62xx.s
   Uses
      At line 105 in file RTE\Device\PHY6222\startup_PHY62xx.s
      At line 241 in file RTE\Device\PHY6222\startup_PHY62xx.s

V12_IRQHandler 00000038

Symbol: V12_IRQHandler
   Definitions
      At line 245 in file RTE\Device\PHY6222\startup_PHY62xx.s
   Uses
      At line 106 in file RTE\Device\PHY6222\startup_PHY62xx.s
      At line 246 in file RTE\Device\PHY6222\startup_PHY62xx.s

V13_IRQHandler 0000003A

Symbol: V13_IRQHandler
   Definitions
      At line 250 in file RTE\Device\PHY6222\startup_PHY62xx.s
   Uses
      At line 107 in file RTE\Device\PHY6222\startup_PHY62xx.s
      At line 251 in file RTE\Device\PHY6222\startup_PHY62xx.s

V14_IRQHandler 0000003C

Symbol: V14_IRQHandler



ARM Macro Assembler    Page 3 Alphabetic symbol ordering
Relocatable symbols

   Definitions
      At line 254 in file RTE\Device\PHY6222\startup_PHY62xx.s
   Uses
      At line 108 in file RTE\Device\PHY6222\startup_PHY62xx.s
      At line 255 in file RTE\Device\PHY6222\startup_PHY62xx.s

V15_IRQHandler 0000003E

Symbol: V15_IRQHandler
   Definitions
      At line 259 in file RTE\Device\PHY6222\startup_PHY62xx.s
   Uses
      At line 109 in file RTE\Device\PHY6222\startup_PHY62xx.s
      At line 260 in file RTE\Device\PHY6222\startup_PHY62xx.s

V16_IRQHandler 00000040

Symbol: V16_IRQHandler
   Definitions
      At line 264 in file RTE\Device\PHY6222\startup_PHY62xx.s
   Uses
      At line 110 in file RTE\Device\PHY6222\startup_PHY62xx.s
      At line 265 in file RTE\Device\PHY6222\startup_PHY62xx.s

V17_IRQHandler 00000042

Symbol: V17_IRQHandler
   Definitions
      At line 269 in file RTE\Device\PHY6222\startup_PHY62xx.s
   Uses
      At line 111 in file RTE\Device\PHY6222\startup_PHY62xx.s
      At line 270 in file RTE\Device\PHY6222\startup_PHY62xx.s

V18_IRQHandler 00000044

Symbol: V18_IRQHandler
   Definitions
      At line 274 in file RTE\Device\PHY6222\startup_PHY62xx.s
   Uses
      At line 112 in file RTE\Device\PHY6222\startup_PHY62xx.s
      At line 275 in file RTE\Device\PHY6222\startup_PHY62xx.s

V19_IRQHandler 00000046

Symbol: V19_IRQHandler
   Definitions
      At line 278 in file RTE\Device\PHY6222\startup_PHY62xx.s
   Uses
      At line 113 in file RTE\Device\PHY6222\startup_PHY62xx.s
      At line 279 in file RTE\Device\PHY6222\startup_PHY62xx.s

V1_IRQHandler 00000022

Symbol: V1_IRQHandler
   Definitions
      At line 191 in file RTE\Device\PHY6222\startup_PHY62xx.s
   Uses
      At line 95 in file RTE\Device\PHY6222\startup_PHY62xx.s
      At line 192 in file RTE\Device\PHY6222\startup_PHY62xx.s



ARM Macro Assembler    Page 4 Alphabetic symbol ordering
Relocatable symbols


V20_IRQHandler 00000048

Symbol: V20_IRQHandler
   Definitions
      At line 283 in file RTE\Device\PHY6222\startup_PHY62xx.s
   Uses
      At line 114 in file RTE\Device\PHY6222\startup_PHY62xx.s
      At line 284 in file RTE\Device\PHY6222\startup_PHY62xx.s

V21_IRQHandler 0000004A

Symbol: V21_IRQHandler
   Definitions
      At line 288 in file RTE\Device\PHY6222\startup_PHY62xx.s
   Uses
      At line 115 in file RTE\Device\PHY6222\startup_PHY62xx.s
      At line 289 in file RTE\Device\PHY6222\startup_PHY62xx.s

V22_IRQHandler 0000004C

Symbol: V22_IRQHandler
   Definitions
      At line 292 in file RTE\Device\PHY6222\startup_PHY62xx.s
   Uses
      At line 116 in file RTE\Device\PHY6222\startup_PHY62xx.s
      At line 293 in file RTE\Device\PHY6222\startup_PHY62xx.s

V23_IRQHandler 0000004E

Symbol: V23_IRQHandler
   Definitions
      At line 297 in file RTE\Device\PHY6222\startup_PHY62xx.s
   Uses
      At line 117 in file RTE\Device\PHY6222\startup_PHY62xx.s
      At line 298 in file RTE\Device\PHY6222\startup_PHY62xx.s

V24_IRQHandler 00000050

Symbol: V24_IRQHandler
   Definitions
      At line 302 in file RTE\Device\PHY6222\startup_PHY62xx.s
   Uses
      At line 118 in file RTE\Device\PHY6222\startup_PHY62xx.s
      At line 303 in file RTE\Device\PHY6222\startup_PHY62xx.s

V25_IRQHandler 00000052

Symbol: V25_IRQHandler
   Definitions
      At line 307 in file RTE\Device\PHY6222\startup_PHY62xx.s
   Uses
      At line 119 in file RTE\Device\PHY6222\startup_PHY62xx.s
      At line 308 in file RTE\Device\PHY6222\startup_PHY62xx.s

V26_IRQHandler 00000054

Symbol: V26_IRQHandler
   Definitions



ARM Macro Assembler    Page 5 Alphabetic symbol ordering
Relocatable symbols

      At line 312 in file RTE\Device\PHY6222\startup_PHY62xx.s
   Uses
      At line 120 in file RTE\Device\PHY6222\startup_PHY62xx.s
      At line 313 in file RTE\Device\PHY6222\startup_PHY62xx.s

V27_IRQHandler 00000056

Symbol: V27_IRQHandler
   Definitions
      At line 317 in file RTE\Device\PHY6222\startup_PHY62xx.s
   Uses
      At line 121 in file RTE\Device\PHY6222\startup_PHY62xx.s
      At line 318 in file RTE\Device\PHY6222\startup_PHY62xx.s

V28_IRQHandler 00000058

Symbol: V28_IRQHandler
   Definitions
      At line 322 in file RTE\Device\PHY6222\startup_PHY62xx.s
   Uses
      At line 122 in file RTE\Device\PHY6222\startup_PHY62xx.s
      At line 323 in file RTE\Device\PHY6222\startup_PHY62xx.s

V29_IRQHandler 0000005A

Symbol: V29_IRQHandler
   Definitions
      At line 327 in file RTE\Device\PHY6222\startup_PHY62xx.s
   Uses
      At line 123 in file RTE\Device\PHY6222\startup_PHY62xx.s
      At line 328 in file RTE\Device\PHY6222\startup_PHY62xx.s

V2_IRQHandler 00000024

Symbol: V2_IRQHandler
   Definitions
      At line 196 in file RTE\Device\PHY6222\startup_PHY62xx.s
   Uses
      At line 96 in file RTE\Device\PHY6222\startup_PHY62xx.s
      At line 197 in file RTE\Device\PHY6222\startup_PHY62xx.s

V30_IRQHandler 0000005C

Symbol: V30_IRQHandler
   Definitions
      At line 332 in file RTE\Device\PHY6222\startup_PHY62xx.s
   Uses
      At line 124 in file RTE\Device\PHY6222\startup_PHY62xx.s
      At line 333 in file RTE\Device\PHY6222\startup_PHY62xx.s

V31_IRQHandler 0000005E

Symbol: V31_IRQHandler
   Definitions
      At line 337 in file RTE\Device\PHY6222\startup_PHY62xx.s
   Uses
      At line 125 in file RTE\Device\PHY6222\startup_PHY62xx.s
      At line 338 in file RTE\Device\PHY6222\startup_PHY62xx.s




ARM Macro Assembler    Page 6 Alphabetic symbol ordering
Relocatable symbols

V3_IRQHandler 00000026

Symbol: V3_IRQHandler
   Definitions
      At line 200 in file RTE\Device\PHY6222\startup_PHY62xx.s
   Uses
      At line 97 in file RTE\Device\PHY6222\startup_PHY62xx.s
      At line 201 in file RTE\Device\PHY6222\startup_PHY62xx.s

V4_IRQHandler 00000028

Symbol: V4_IRQHandler
   Definitions
      At line 205 in file RTE\Device\PHY6222\startup_PHY62xx.s
   Uses
      At line 98 in file RTE\Device\PHY6222\startup_PHY62xx.s
      At line 206 in file RTE\Device\PHY6222\startup_PHY62xx.s

V5_IRQHandler 0000002A

Symbol: V5_IRQHandler
   Definitions
      At line 210 in file RTE\Device\PHY6222\startup_PHY62xx.s
   Uses
      At line 99 in file RTE\Device\PHY6222\startup_PHY62xx.s
      At line 211 in file RTE\Device\PHY6222\startup_PHY62xx.s

V6_IRQHandler 0000002C

Symbol: V6_IRQHandler
   Definitions
      At line 215 in file RTE\Device\PHY6222\startup_PHY62xx.s
   Uses
      At line 100 in file RTE\Device\PHY6222\startup_PHY62xx.s
      At line 216 in file RTE\Device\PHY6222\startup_PHY62xx.s

V7_IRQHandler 0000002E

Symbol: V7_IRQHandler
   Definitions
      At line 220 in file RTE\Device\PHY6222\startup_PHY62xx.s
   Uses
      At line 101 in file RTE\Device\PHY6222\startup_PHY62xx.s
      At line 221 in file RTE\Device\PHY6222\startup_PHY62xx.s

V8_IRQHandler 00000030

Symbol: V8_IRQHandler
   Definitions
      At line 225 in file RTE\Device\PHY6222\startup_PHY62xx.s
   Uses
      At line 102 in file RTE\Device\PHY6222\startup_PHY62xx.s
      At line 226 in file RTE\Device\PHY6222\startup_PHY62xx.s

V9_IRQHandler 00000032

Symbol: V9_IRQHandler
   Definitions
      At line 230 in file RTE\Device\PHY6222\startup_PHY62xx.s



ARM Macro Assembler    Page 7 Alphabetic symbol ordering
Relocatable symbols

   Uses
      At line 103 in file RTE\Device\PHY6222\startup_PHY62xx.s
      At line 231 in file RTE\Device\PHY6222\startup_PHY62xx.s

normal 0000000E

Symbol: normal
   Definitions
      At line 154 in file RTE\Device\PHY6222\startup_PHY62xx.s
   Uses
      None
Comment: normal unused
wakeup 00000012

Symbol: wakeup
   Definitions
      At line 158 in file RTE\Device\PHY6222\startup_PHY62xx.s
   Uses
      At line 153 in file RTE\Device\PHY6222\startup_PHY62xx.s
Comment: wakeup used once
42 symbols



ARM Macro Assembler    Page 1 Alphabetic symbol ordering
Absolute symbols

Heap_Size 00000010

Symbol: Heap_Size
   Definitions
      At line 57 in file RTE\Device\PHY6222\startup_PHY62xx.s
   Uses
      At line 61 in file RTE\Device\PHY6222\startup_PHY62xx.s
Comment: Heap_Size used once
Stack_Size 00000400

Symbol: Stack_Size
   Definitions
      At line 47 in file RTE\Device\PHY6222\startup_PHY62xx.s
   Uses
      At line 49 in file RTE\Device\PHY6222\startup_PHY62xx.s
Comment: Stack_Size used once
__Vectors_Size 000000C0

Symbol: __Vectors_Size
   Definitions
      At line 128 in file RTE\Device\PHY6222\startup_PHY62xx.s
   Uses
      At line 74 in file RTE\Device\PHY6222\startup_PHY62xx.s
Comment: __Vectors_Size used once
3 symbols



ARM Macro Assembler    Page 1 Alphabetic symbol ordering
External symbols

SystemInit 00000000

Symbol: SystemInit
   Definitions
      At line 137 in file RTE\Device\PHY6222\startup_PHY62xx.s
   Uses
      At line 142 in file RTE\Device\PHY6222\startup_PHY62xx.s
Comment: SystemInit used once
SystemResetCause 00000000

Symbol: SystemResetCause
   Definitions
      At line 138 in file RTE\Device\PHY6222\startup_PHY62xx.s
   Uses
      None
Comment: SystemResetCause unused
__main 00000000

Symbol: __main
   Definitions
      At line 140 in file RTE\Device\PHY6222\startup_PHY62xx.s
   Uses
      At line 155 in file RTE\Device\PHY6222\startup_PHY62xx.s
Comment: __main used once
wakeupProcess 00000000

Symbol: wakeupProcess
   Definitions
      At line 139 in file RTE\Device\PHY6222\startup_PHY62xx.s
   Uses
      At line 159 in file RTE\Device\PHY6222\startup_PHY62xx.s
Comment: wakeupProcess used once
4 symbols
395 symbols in table
